<?xml version="1.0" encoding="UTF-8"?>
<testng-results skipped="0" failed="0" ignored="0" total="1" passed="1">
  <reporter-output>
  </reporter-output>
  <suite name="Default suite" duration-ms="32820" started-at="2020-09-22T19:07:19 IST" finished-at="2020-09-22T19:07:52 IST">
    <groups>
    </groups>
    <test name="Default test" duration-ms="32820" started-at="2020-09-22T19:07:19 IST" finished-at="2020-09-22T19:07:52 IST">
      <class name="testCases.Execution">
        <test-method status="PASS" signature="LoginExecution()[pri:0, instance:testCases.Execution@527740a2]" name="LoginExecution" duration-ms="32731" started-at="2020-09-22T19:07:19 IST" finished-at="2020-09-22T19:07:52 IST">
          <reporter-output>
          </reporter-output>
        </test-method> <!-- LoginExecution -->
      </class> <!-- testCases.Execution -->
    </test> <!-- Default test -->
  </suite> <!-- Default suite -->
</testng-results>
